C51 COMPILER V9.01   NOKIA_5110                                                            11/10/2015 18:46:59 PAGE 1   


C51 COMPILER V9.01, COMPILATION OF MODULE NOKIA_5110
OBJECT MODULE PLACED IN nokia_5110.OBJ
COMPILER INVOKED BY: D:\Keil\C51\BIN\C51.EXE nokia_5110.c BROWSE DEBUG OBJECTEXTEND

line level    source

   1          #include "nokia_5110.h"
   2          #include "code_table.h"
   3          #include "STC12C5A60S2.H"   
   4          sbit LCD_RST = P0^0;
   5          sbit LCD_CE = P0^1;     
   6          sbit LCD_DC = P0^2;     
   7          sbit SDIN = P0^3;       
   8          sbit SCLK = P0^4;   
   9          
  10          
  11          void delay_1us(void)                 //1us延时函数
  12            {
  13   1         unsigned int i;
  14   1        for(i=0;i<500;i++);
  15   1        }
  16          
  17          /*********************LCD 延时1ms************************************/
  18          void LCD_DLY_ms(unsigned int ms)
  19          {
  20   1          unsigned int a;
  21   1          while(ms)
  22   1          {
  23   2          a=1000;
  24   2          while(a--){};
  25   2          ms--;
  26   2          }
  27   1          return;
  28   1      }
  29          /*-----------------------------------------------------------------------
  30          LCD_init          : 3310LCD初始化
  31          
  32          编写日期          ：2004-8-10 
  33          最后修改日期      ：2004-8-10 
  34          -----------------------------------------------------------------------*/
  35          void LCD_init(void)
  36          {
  37   1      
  38   1          LCD_RST = 0;// 产生一个让LCD复位的低电平脉冲
  39   1          delay_1us();   
  40   1          LCD_RST = 1;// 关闭LCD
  41   1          LCD_CE = 0;
  42   1          delay_1us();// 使能LCD
  43   1          LCD_CE = 1;
  44   1          delay_1us();
  45   1          
  46   1          LCD_write_byte(0x21, 0);    // 使用扩展命令设置LCD模式
  47   1          LCD_write_byte(0xb8, 0);    // 设置偏置电压
  48   1          LCD_write_byte(0x06, 0);    // 温度校正
  49   1          LCD_write_byte(0x13, 0);    // 1:48
  50   1          LCD_write_byte(0x20, 0);    // 使用基本命令
  51   1          LCD_clear();                // 清屏
  52   1          LCD_write_byte(0x0c, 0);    // 设定显示模式，正常显示        
  53   1                 
  54   1          LCD_CE = 0; // 关闭LCD
  55   1      }
C51 COMPILER V9.01   NOKIA_5110                                                            11/10/2015 18:46:59 PAGE 2   

  56          
  57          /*-----------------------------------------------------------------------
  58          LCD_clear         : LCD清屏函数
  59          
  60          编写日期          ：2004-8-10 
  61          最后修改日期      ：2004-8-10 
  62          -----------------------------------------------------------------------*/
  63          void LCD_clear(void)
  64          {
  65   1          unsigned int i;
  66   1      
  67   1          LCD_write_byte(0x0c, 0);                    
  68   1          LCD_write_byte(0x80, 0);                    
  69   1      
  70   1          for (i=0; i<504; i++)
  71   1            LCD_write_byte(0, 1);                     
  72   1      }
  73          
  74          /*-----------------------------------------------------------------------
  75          LCD_clear         : LCD清一行函数
  76          
  77          编写日期          ：2014-9-19 
  78          最后修改日期      ：2014-9-19 
  79          -----------------------------------------------------------------------*/
  80          void LCD_clear_l( unsigned char X,unsigned char Y)
  81          {
  82   1          unsigned int i;
  83   1      
  84   1          LCD_write_byte(0x0c, 0);                    
  85   1          LCD_write_byte(0x80, 0);                    
  86   1      
  87   1          for (i=(Y-1)*84+X; i<Y*84; i++)
  88   1            LCD_write_byte(0, 1);                     
  89   1      }
  90          
  91          
  92          /*-----------------------------------------------------------------------
  93          LCD_set_XY        : 设置LCD坐标函数
  94          
  95          输入参数：X       ：0－83
  96                    Y       ：0－5
  97          -----------------------------------------------------------------------*/
  98          void LCD_set_XY(unsigned char X, unsigned char Y)
  99          {
 100   1          LCD_write_byte(0x40 | Y, 0);                // column
 101   1          LCD_write_byte(0x80 | X, 0);                // row
 102   1      }
 103          /*-----------------------------------------------------------------------
 104          LCD_write_one: 显示英文字符
 105          
 106          输入参数：c       ：显示的字符；
 107          -----------------------------------------------------------------------*/
 108          void LCD_write_one(unsigned char c)
 109          {
 110   1          unsigned char line;
 111   1          for (line=0; line<6; line++)
 112   1            LCD_write_byte(font6x8[c-32][line], 1);
 113   1      }
 114          
 115          /*-----------------------------------------------------------------------
 116          LCD_write_english_String  : 英文字符串显示函数
 117          
C51 COMPILER V9.01   NOKIA_5110                                                            11/10/2015 18:46:59 PAGE 3   

 118          输入参数：*s      ：英文字符串指针；
 119                    X、Y    : 显示字符串的位置,x 0-83 ,y 0-5              
 120          -----------------------------------------------------------------------*/
 121          void LCD_write_english_string(unsigned char X,unsigned char Y,char *s)
 122          {
 123   1          LCD_set_XY(X,Y);
 124   1          while (*s) 
 125   1            {
 126   2               LCD_write_one(*s);
 127   2               s++;
 128   2            }
 129   1      }
 130          /*-----------------------------------------------------------------------
 131          LCD_write_chinese_string: 在LCD上显示汉字
 132          
 133          输入参数：X、Y    ：显示汉字的起始X、Y坐标；
 134                    ch_with ：汉字点阵的宽度
 135                    num     ：显示汉字的个数；  
 136                    line    ：汉字点阵数组中的起始行数
 137                    row     ：汉字显示的行间距
 138          测试：
 139                  LCD_write_chi(0,4,12,7,0,0);    
 140          -----------------------------------------------------------------------*/                        
 141          void LCD_write_chinese_string(unsigned char X, unsigned char Y, 
 142                             unsigned char ch_with,unsigned char num,
 143                             unsigned char line,unsigned char row)
 144          {
 145   1          unsigned char i,n;
 146   1          
 147   1          LCD_set_XY(X,Y);                             //设置初始位置
 148   1          
 149   1          for (i=0;i<num;)
 150   1            {
 151   2              for (n=0; n<ch_with*2; n++)              //写一个汉字
 152   2                { 
 153   3                  if (n==ch_with)                      //写汉字的下半部分
 154   3                    {
 155   4                      if (i==0) LCD_set_XY(X,Y+1);
 156   4                      else
 157   4                         LCD_set_XY((X+(ch_with+row)*i),Y+1);
 158   4                    }
 159   3                  LCD_write_byte(write_chinese[line+i][n],1);
 160   3                }
 161   2              i++;
 162   2              LCD_set_XY((X+(ch_with+row)*i),Y);
 163   2            }
 164   1      }
 165          /*-----------------------------------------------------------------------
 166          LCD_draw_map      : 位图绘制函数
 167          
 168          输入参数：X、Y    ：位图绘制的起始X、Y坐标；
 169                    *map    ：位图点阵数据；
 170                    Pix_x   ：位图像素（长）
 171                    Pix_y   ：位图像素（宽）
 172          -----------------------------------------------------------------------*/
 173          /*void LCD_draw_bmp_pixel(unsigned char X,unsigned char Y,unsigned char *map,
 174                            unsigned char Pix_x,unsigned char Pix_y)
 175          {
 176              unsigned int i,n;
 177              unsigned char row;
 178              
 179              if (Pix_y%8==0) row=Pix_y/8;      //计算位图所占行数
C51 COMPILER V9.01   NOKIA_5110                                                            11/10/2015 18:46:59 PAGE 4   

 180                else
 181                  row=Pix_y/8+1;
 182              
 183              for (n=0;n<row;n++)
 184                {
 185                  LCD_set_XY(X,Y);
 186                  for(i=0; i<Pix_x; i++)
 187                    {
 188                      LCD_write_byte(map[i+n*Pix_x], 1);
 189                    }
 190                  Y++;                         //换行
 191                }      
 192          } */
 193          
 194          /*-----------------------------------------------------------------------
 195          LCD_write_byte    : 使用SPI接口写数据到LCD
 196          
 197          输入参数：data    ：写入的数据；
 198                    command ：写数据/命令选择；
 199          -----------------------------------------------------------------------*/
 200          void LCD_write_byte(unsigned char dat, unsigned char command)
 201          {
 202   1          unsigned char i;
 203   1          LCD_CE = 0;
 204   1          
 205   1          if (command == 0)
 206   1           LCD_DC = 0;
 207   1          else
 208   1           LCD_DC = 1;
 209   1                      for(i=0;i<8;i++)
 210   1                      {
 211   2                              if(dat&0x80)
 212   2                                      SDIN = 1;
 213   2                              else
 214   2                                      SDIN = 0;
 215   2                              SCLK = 0;
 216   2                              dat = dat << 1;
 217   2                              SCLK = 1;
 218   2                      }
 219   1           LCD_CE = 1;
 220   1      }
 221          
 222          /*-----------------------------------------------------------------------
 223          LCD_write_char    : 显示字符数字
 224          
 225          输入参数：c       ：显示的数字；
 226          -----------------------------------------------------------------------*/
 227          void LCD_write_number(unsigned char c)
 228          {
 229   1          unsigned char line;
 230   1      
 231   1          for (line=0; line<6; line++)
 232   1            LCD_write_byte(font6x8[c+16][line], 1); //这里是  -32+0x30=16
 233   1      
 234   1      }   
 235          /*-----------------------------------------------------------------------
 236          LCD_write_char: 显示char型数字；
 237          -----------------------------------------------------------------------*/
 238          void LCD_write_char(unsigned char X,unsigned char Y,unsigned char i)
 239          {
 240   1          LCD_set_XY(X,Y);                             //设置初始位置
 241   1          LCD_write_number((char)(i/100%10));
C51 COMPILER V9.01   NOKIA_5110                                                            11/10/2015 18:46:59 PAGE 5   

 242   1          LCD_write_number((char)(i%100/10));
 243   1          LCD_write_number((char)(i%10));
 244   1      } 
 245          /*-----------------------------------------------------------------------
 246          LCD_write_int: 显示int型数字；
 247          -----------------------------------------------------------------------*/
 248          void LCD_write_int(unsigned char X,unsigned char Y,int i)
 249          {
 250   1          LCD_set_XY(X,Y);                             //设置初始位置
 251   1          LCD_write_number((char)(i/10000));
 252   1          LCD_write_number((char)(i/1000%10));
 253   1          LCD_write_number((char)(i/100%10));
 254   1          LCD_write_number((char)(i%100/10));
 255   1          LCD_write_number((char)(i%10));
 256   1      }  
 257          /*-----------------------------------------------------------------------
 258          LCD_write_float: 显示float型数字；
 259          -----------------------------------------------------------------------*/
 260          void LCD_write_float(unsigned char X,unsigned char Y,float i)
 261          {
 262   1          LCD_set_XY(X,Y);                             //设置初始位置
 263   1              LCD_write_number((int)i/100%10);
 264   1              LCD_write_number((int)i%100/10);
 265   1              LCD_write_number((int)i%10);
 266   1              LCD_write_one('.');
 267   1              LCD_write_number((int)(i*10)%10);
 268   1              LCD_write_number((int)(i*100)%10);
 269   1      }
 270          
 271          /***************功能描述：显示8*16一组int型变量 显示的坐标（x,y），y为页范围0～3****************/
 272          void LCD_write_Hex(unsigned char X,unsigned char Y,unsigned char i)
 273          {
 274   1          LCD_set_XY(X,Y);                             //设置初始位置
 275   1      
 276   1              if((i>>4)<10)
 277   1              {
 278   2                      LCD_write_one((i>>4)+48);
 279   2              }
 280   1              else
 281   1              {
 282   2                      LCD_write_one((i>>4)+55);
 283   2              }
 284   1              if((i & 0x0f)<10)
 285   1              {
 286   2                      LCD_write_one((i & 0x0f)+48);
 287   2              }
 288   1              else
 289   1              {
 290   2                      LCD_write_one((i & 0x0f)+55);
 291   2              }
 292   1      
 293   1      }


MODULE INFORMATION:   STATIC OVERLAYABLE
   CODE SIZE        =    863    ----
   CONSTANT SIZE    =    600    ----
   XDATA SIZE       =   ----    ----
   PDATA SIZE       =   ----    ----
   DATA SIZE        =   ----      30
   IDATA SIZE       =   ----    ----
   BIT SIZE         =   ----    ----
C51 COMPILER V9.01   NOKIA_5110                                                            11/10/2015 18:46:59 PAGE 6   

END OF MODULE INFORMATION.


C51 COMPILATION COMPLETE.  0 WARNING(S),  0 ERROR(S)
