C51 COMPILER V9.01   SMARTCAR                                                              11/10/2015 19:38:33 PAGE 1   


C51 COMPILER V9.01, COMPILATION OF MODULE SMARTCAR
OBJECT MODULE PLACED IN SmartCar.OBJ
COMPILER INVOKED BY: D:\Keil\C51\BIN\C51.EXE SmartCar.c BROWSE DEBUG OBJECTEXTEND

line level    source

   1          #include "STC12C5A60S2.H"      //STC12C5A60S2的头文件
   2          #include "nokia_5110.h"
   3          #include "key.h"
   4          #define uchar unsigned char    //宏定义
   5          #define uint unsigned int
   6          
   7          #define T0_HIGH      0xff   //T0计时器寄存器初值
   8          #define T0_LOW      0x5f //溢出计数160个，160*（1/16）定时周期10us
   9                                      //为了保证主程序正常运行，定时器计数最好不要小于80个
  10          
  11          #define MOTOR_MAX_PWM_COUNT  100 //PWM计数器最大值 10us*100=1ms,1000Hz
  12          #define SERVO_MAX_PWM_COUNT  1600//1300 63
  13          
  14                                        //注意，舵机打角过大会打在底盘上，请立即断电，以免损害舵机
  15          
  16          #define ERROR_HISTORY_NUM 5   //历史偏差记录个数
  17          
  18          
  19          sbit LEFT_MOTOR_PWM_PORT=P3^7; // 电机PWM控制端口
  20          sbit RIGHT_MOTOR_PWM_PORT=P3^6;
  21          
  22          sbit SERVO_PWM_PORT=P3^5;   //舵机PWM控制端口
  23          
  24          
  25          bit control_period_finished=0; //控制周期结束标志位，控制周期选择20ms
  26                                         //也可自己确定控制周期，但是要保证主程序在控制周期内可以运行完
  27          
  28          char motor_PWM_counter=0;//生成电机PWM的计数器
  29          char left_motor_PWM=0;   //左右电机的PWM占空比 //由于数值在128以内，所以定义为char
  30          char right_motor_PWM=0;
  31          
  32          int servo_PWM_counter=0;//生成舵机PWM的计数器
  33          int servo_PWM=0;//舵机PWM //超过char型变量的范围
  34          
  35          int P2H=0;
  36          sbit end=P1^7;
  37          
  38          int error=0;    //本次偏差
  39          int error_history[ERROR_HISTORY_NUM]={0};  //历史偏差
  40          
  41          char line_speed=65;
  42          char bend_speed=55;
  43          unsigned char differ_number=10;
  44          char line_servo_p=25;
  45          char line_servo_d=60;
  46          char bend_servo_p=28;
  47          char bend_servo_d=70;
  48          
  49          char realspeed=0;//总速度
  50          
  51          int timecount=0;
  52          int frequent=0;
  53          int T0count=0;
  54          int worse=0;
  55          
C51 COMPILER V9.01   SMARTCAR                                                              11/10/2015 19:38:33 PAGE 2   

  56          void delay_ms(unsigned int ms)
  57          {
  58   1          unsigned int a;
  59   1          while(ms)
  60   1          {
  61   2          a=1000;
  62   2          while(a--){};
  63   2          ms--;
  64   2          }
  65   1          return;
  66   1      }
  67          
  68          unsigned char read(unsigned char adder_h,unsigned char adder_l)
  69          {
  70   1       unsigned char dat;
  71   1       IAP_ADDRH=adder_h;
  72   1       IAP_ADDRL=adder_l;
  73   1       IAP_CONTR=0x82;
  74   1       IAP_CMD=0x01;
  75   1       IAP_TRIG=0x5a;
  76   1       IAP_TRIG=0xa5;
  77   1      // nop;
  78   1       dat=IAP_DATA;
  79   1       return dat;
  80   1      }
  81          
  82          //扇区字节写
  83          void write(unsigned char adder_h,unsigned char adder_l,unsigned char dat)
  84          {
  85   1       IAP_DATA=dat;
  86   1       IAP_ADDRH=adder_h;
  87   1       IAP_ADDRL=adder_l;
  88   1       IAP_CONTR=0x82;
  89   1       IAP_CMD=0x02;
  90   1       IAP_TRIG=0x5a;
  91   1       IAP_TRIG=0xa5;
  92   1      // nop;
  93   1      }
  94          
  95          void del(unsigned char adder_h,unsigned char adder_l)
  96          {
  97   1       IAP_ADDRH=adder_h;
  98   1       IAP_ADDRL=adder_l;
  99   1       IAP_CONTR=0x82;
 100   1       IAP_CMD=0x03;
 101   1       IAP_TRIG=0x5a;
 102   1       IAP_TRIG=0xa5;
 103   1      }
 104          
 105          void flash_store()//相关修改参数写入flash保存起来，方便调试,相关函数见flash.c
 106          {
 107   1      del(0x00,0x00);//将扇区初始化
 108   1      delay_ms(5);
 109   1      write(0x00,0x00,line_speed);
 110   1      delay_ms(5);
 111   1      write(0x00,0x01,bend_speed);
 112   1      delay_ms(5);
 113   1      write(0x00,0x02,differ_number);
 114   1      delay_ms(5);
 115   1      write(0x00,0x03,line_servo_p);
 116   1      delay_ms(5);
 117   1      write(0x00,0x04,line_servo_d);
C51 COMPILER V9.01   SMARTCAR                                                              11/10/2015 19:38:33 PAGE 3   

 118   1      delay_ms(5);
 119   1      write(0x00,0x05,bend_servo_p);
 120   1      delay_ms(5);
 121   1      write(0x00,0x06,bend_servo_d);
 122   1      }
 123          
 124          void sys_init(void)    //系统初始化
 125          {
 126   1       //若flash已经有数据且不为0xff,将上次修改参数的数据赋给相应变量，避免首次flash里面无数据
 127   1      if(read(0x00,0x00)!=255)   line_speed=read(0x00,0x00);//        servo_P存储地址
 128   1      if(read(0x00,0x01)!=255)   bend_speed=read(0x00,0x01);//        servo_D存储地址
 129   1      if(read(0x00,0x02)!=255)   differ_number=read(0x00,0x02);//servo_middle存储地址
 130   1      if(read(0x00,0x00)!=255)   line_servo_p=read(0x00,0x03);//      servo_P存储地址
 131   1      if(read(0x00,0x01)!=255)   line_servo_d=read(0x00,0x04);//      servo_D存储地址
 132   1      if(read(0x00,0x02)!=255)   bend_servo_p=read(0x00,0x05);//servo_middle存储地址
 133   1      if(read(0x00,0x00)!=255)   bend_servo_d=read(0x00,0x06);//      servo_P存储地址
 134   1      
 135   1      
 136   1          //------IO口设置------------
 137   1          P0M1=0x00;                  //推挽输出
 138   1          P0M0=0xff;
 139   1          P0=0xff;   
 140   1      
 141   1          P1M1=0x00;          //       准双向口
 142   1          P1M0=0x00;
 143   1          P1=0xff;   //初始化为高电平 
 144   1              
 145   1              P2M1=0x00;  //指示灯，设置为输出
 146   1          P2M0=0x00;
 147   1          P2=0xff;
 148   1      
 149   1          P3M1=0x00;  //模拟PWM，设置为输出
 150   1          P3M0=0xf8;
 151   1           //P3=0x00;
 152   1              P3=0x0f;
 153   1      
 154   1          LEFT_MOTOR_PWM_PORT=0; //PWM口设为低电平，电机不转
 155   1          RIGHT_MOTOR_PWM_PORT=0;
 156   1          left_motor_PWM=0;    //占空比设置为0
 157   1          right_motor_PWM=0;
 158   1          servo_PWM=123;//舵机打角到中心
 159   1      
 160   1          //------定时器设置------------
 161   1          AUXR=AUXR | 0x80; //定时器0不分频
 162   1          TMOD=0x11;        //定时器方式1
 163   1          TH0=T0_HIGH;      //定时器赋初值
 164   1          TL0=T0_LOW ;
 165   1       
 166   1         //IT0=1;
 167   1      //      EX0=1;
 168   1          TR0=1;      //定时器运行
 169   1          ET0=1;      //开定时器中断
 170   1          EA=1;       //开总中断
 171   1      
 172   1      }
 173          //-----------------------------------------------------------------------
 174          int ABS(int i)    //绝对值函数
 175          {
 176   1          if (i>=0) return i;
 177   1          else return -i;
 178   1      }
 179          //-----------------------------------------------------------------------
C51 COMPILER V9.01   SMARTCAR                                                              11/10/2015 19:38:33 PAGE 4   

 180          void delay(unsigned int i) //延时函数
 181          {
 182   1          unsigned char j;
 183   1          for(;i>0;i--)
 184   1              for(j=0;j<250;j++);
 185   1      }
 186          
 187          void getposition(void)
 188          
 189          {
 190   1             
 191   1                 P2H=(P2&0xff);
 192   1                 P2H=(P2H<<1);
 193   1                 P2H=P2H+(P1&0x01); 
 194   1             switch(P2H&0x1ff)
 195   1                  {
 196   2                      case 0x100: error=-9;worse/=2;    break;
 197   2                      case 0x180: error=-7;worse/=2;    break;
 198   2                      case 0x080: error=-6;worse/=2;    break;
 199   2                      case 0x0c0: error=-5;worse/=2;    break;                
 200   2                      case 0x040: error=-4;worse/=2;    break;          //left
 201   2              case 0x060: error=-3;worse/=2;    break;                                                
 202   2                      case 0x020: error=-2;worse/=2;     break;                               
 203   2                      case 0x030: error=-1;worse/=2;     break;
 204   2                      
 205   2                                  
 206   2              case 0x010: error=0;worse/=2;     break;
 207   2                      
 208   2                                
 209   2              case 0x018: error=1;worse/=2;     break;            
 210   2              case 0x008: error=2;worse/=2;     break;           
 211   2              case 0x00c: error=3;worse/=2;     break;                  
 212   2              case 0x004: error=4;worse/=2;     break;              
 213   2              case 0x006: error=5;worse/=2;     break;       // right
 214   2              case 0x002: error=6;worse/=2;     break;            
 215   2              case 0x003: error=7;worse/=2;     break;             
 216   2              case 0x001: error=9;worse/=2;    break;           
 217   2      
 218   2                      case 0x000: error=error_history[ERROR_HISTORY_NUM-1];break;       //000000000 0x000  
 219   2              default: error=error_history[ERROR_HISTORY_NUM-1];worse++; break;    //其他情况时，保持上一次偏差
 220   2                      }
 221   1      
 222   1      } 
 223          
 224          int steer_value=0; 
 225          int steer_kp,steer_kd;  
 226          char line_count=0;    
 227          void servo_control(void) //舵机控制
 228          {
 229   1          char i=0;
 230   1            if(ABS(error)>=3) {steer_kp=bend_servo_p;steer_kd=bend_servo_d;}
 231   1            else {steer_kp=line_servo_p;steer_kd=line_servo_d;}//根据偏差计算舵机角度输出
 232   1      
 233   1          if(ABS(error-error_history[4])>=9) //如果两次的偏差过大，则保持上一次的偏差
 234   1              error=error_history[4];      //防止不确定情况（如红外管冲出跑道）造成的偏差跳变
 235   1           steer_value=(      steer_kp*error    //比例
 236   1                         + steer_kd*(error-error_history[4])//微分
 237   1                     )/10;   
 238   1          //根据偏差计算舵机角度输出
 239   1           servo_PWM = 123+steer_value ;
 240   1      
 241   1          if(servo_PWM>=190)      //限幅
C51 COMPILER V9.01   SMARTCAR                                                              11/10/2015 19:38:33 PAGE 5   

 242   1              servo_PWM=190;     //防止舵机超过极限值
 243   1          if(servo_PWM<=120)
 244   1              servo_PWM=120;
 245   1      
 246   1        for(i=0;i<ERROR_HISTORY_NUM-1;i++)    //记录偏差
 247   1          {
 248   2              error_history[i]=error_history[i+1];
 249   2          }
 250   1          error_history[ERROR_HISTORY_NUM-1]=error;
 251   1      
 252   1            
 253   1         if(ABS(steer_value)<=6)  line_count++;
 254   1         else line_count=0;
 255   1      
 256   1         if(line_count>=10) line_count=10;
 257   1                 
 258   1         if(steer_value>=35)  steer_value=35;
 259   1         if(steer_value<=-35) steer_value=-35;
 260   1      
 261   1      
 262   1      }
 263          
 264          
 265          
 266          void motor_control(void) //电机控制
 267          {
 268   1          if(line_count>=8) realspeed=line_speed;
 269   1              else 
 270   1              {
 271   2              if(ABS(error)<=2) realspeed=bend_speed;
 272   2              else  realspeed=bend_speed-8;
 273   2              }
 274   1              
 275   1              left_motor_PWM=realspeed+(int)((float)(differ_number/10.0)*steer_value);;   //速度控制
 276   1          right_motor_PWM=realspeed-(int)((float)(differ_number/10.0)*steer_value);;  //可以直接给定，也可以根据
             -赛道情况计算得出
 277   1      
 278   1              if(worse>=30)
 279   1              {
 280   2              left_motor_PWM=0;
 281   2          right_motor_PWM=0;
 282   2              }
 283   1      
 284   1          if(left_motor_PWM>100)   //限幅
 285   1              left_motor_PWM=100;
 286   1          if(left_motor_PWM<0)
 287   1              left_motor_PWM=0;
 288   1      
 289   1          if(right_motor_PWM>100)
 290   1              right_motor_PWM=100;
 291   1          if(right_motor_PWM<0)
 292   1              right_motor_PWM=0;
 293   1      }
 294          
 295          //-----------------------------------------------------------------------
 296          void main(void)
 297          {       
 298   1          sys_init();
 299   1          LCD_init();
 300   1              pre_show();
 301   1          P1=0xff;
 302   1          
C51 COMPILER V9.01   SMARTCAR                                                              11/10/2015 19:38:33 PAGE 6   

 303   1              while(end)
 304   1          {
 305   2              KeyScan();
 306   2                      pre_show();
 307   2                      if(~end)  //如果检测到低电平，说明按键按下
 308   2           {
 309   3               LCD_DLY_ms(10);   //延时去抖，一般10-20ms
 310   3             if(~end)     //再次确认按键是否按下，没有按下则退出
 311   3                   {
 312   4              while(~end);//如果确认按下按键等待按键释放，没有释放则一直等待
 313   4              end=0;
 314   4                      flash_store();
 315   4                       }
 316   3                }
 317   2      
 318   2          }
 319   1          while(1)
 320   1          {   
 321   2                  
 322   2              getposition();    //判断黑线位置
 323   2                  P2=0xff;
 324   2              servo_control();
 325   2                      motor_control();         //控制电机     
 326   2          }
 327   1                  
 328   1      
 329   1      
 330   1      }
 331          
 332          //void exint0() interrupt 0  //interrupt 0 (location at 0003H)
 333          //{
 334          //   T0count++;  
 335          //}
 336                          
 337          
 338          void TIME_BASE(void) interrupt 1 using 1   //定时器生成PWM  //不清楚的可以参考PWM的定义
 339          {
 340   1          TH0=T0_HIGH;        //赋初值
 341   1          TL0=T0_LOW ;
 342   1      
 343   1          motor_PWM_counter++;  //计数器+1 ,每+1表示10us
 344   1          servo_PWM_counter=servo_PWM_counter+1;
 345   1      
 346   1          if(motor_PWM_counter>100)   //PWM比较、生成
 347   1          {
 348   2              motor_PWM_counter=1; //从1开始计数
 349   2          }
 350   1          if(servo_PWM_counter>SERVO_MAX_PWM_COUNT)   //PWM比较、生成
 351   1          {
 352   2      
 353   2              servo_PWM_counter=1; //从1开始计数
 354   2              control_period_finished=1;  //20ms控制周期到达，标志位置1，这里借用了舵机控制周期20ms（50Hz），
 355   2                                  //如果更改主程序控制周期，可定义一个类似于servo_PWM_counter的计数器计时
 356   2                //  timecount++;
 357   2          }
 358   1      
 359   1          if(left_motor_PWM>=motor_PWM_counter)   //左右PWM
 360   1              LEFT_MOTOR_PWM_PORT=1;  //端口输出高电平
 361   1          else
 362   1              LEFT_MOTOR_PWM_PORT=0;  //端口输出低电平
 363   1      
 364   1      
C51 COMPILER V9.01   SMARTCAR                                                              11/10/2015 19:38:33 PAGE 7   

 365   1          if(right_motor_PWM>=motor_PWM_counter)   //左右PWM
 366   1              RIGHT_MOTOR_PWM_PORT=1;  //端口输出高电平
 367   1          else
 368   1              RIGHT_MOTOR_PWM_PORT=0;  //端口输出低电平
 369   1      
 370   1          if(servo_PWM>=servo_PWM_counter)//舵机PWM
 371   1              SERVO_PWM_PORT=1;
 372   1          else
 373   1              SERVO_PWM_PORT=0;
 374   1                      
 375   1              
 376   1      //if(timecount==5) 
 377   1        //  { 
 378   1        ////   frequent=T0count;
 379   1        //   T0count=0;
 380   1       //    timecount=0;
 381   1               //backspeed=frequent*20;
 382   1           //}
 383   1         }    


MODULE INFORMATION:   STATIC OVERLAYABLE
   CODE SIZE        =   1370    ----
   CONSTANT SIZE    =   ----    ----
   XDATA SIZE       =   ----    ----
   PDATA SIZE       =   ----    ----
   DATA SIZE        =     44       1
   IDATA SIZE       =   ----    ----
   BIT SIZE         =      1    ----
END OF MODULE INFORMATION.


C51 COMPILATION COMPLETE.  0 WARNING(S),  0 ERROR(S)
