C51 COMPILER V9.01   KEY                                                                   11/10/2015 09:09:38 PAGE 1   


C51 COMPILER V9.01, COMPILATION OF MODULE KEY
OBJECT MODULE PLACED IN key.OBJ
COMPILER INVOKED BY: D:\Keil\C51\BIN\C51.EXE key.c BROWSE DEBUG OBJECTEXTEND

line level    source

   1          #include "key.h"
   2          #include "nokia_5110.h"
   3          #include "STC12C5A60S2.H"   
   4          
   5          sbit change_line = P1^0;        
   6          sbit Add_1 = P1^1;      
   7          sbit Sub_1 = P1^2; 
   8          
   9          extern char servo_P;   //PID系数
  10          extern char servo_D;
  11          extern unsigned char servo_middle;
  12          extern int frequent;
  13          
  14          
  15                                                  
  16          unsigned char line_num;
  17          
  18          void pre_show(void)
  19          {
  20   1        
  21   1             LCD_write_english_string(0,0,"*");
  22   1             LCD_write_english_string(10,0,"servo_P:");
  23   1                 LCD_write_char(65,0,servo_P);
  24   1                 
  25   1                 LCD_write_english_string(10,1,"servo_D:");
  26   1                 LCD_write_char(65,1,servo_D);
  27   1      
  28   1                 LCD_write_english_string(10,2,"servo_mid");
  29   1                 LCD_write_char(65,2,servo_middle);
  30   1                          
  31   1             LCD_write_english_string(10,5,"frequent");
  32   1                 LCD_write_char(65,5,frequent);  
  33   1      
  34   1      }
  35          
  36          
  37          
  38          /*********************************修改变量数值***********************************/
  39          void change_value(unsigned char m,int i)
  40          {  
  41   1      
  42   1             switch(m)
  43   1             {
  44   2             case 0: servo_P+=i;       
  45   2                      LCD_clear_l(65,0);
  46   2                      LCD_write_english_string(0,0,"*");
  47   2                      LCD_write_char(65,0,servo_P); 
  48   2                      break;
  49   2                       
  50   2             case 1:servo_D+=i;
  51   2                       LCD_clear_l(65,1);
  52   2                       LCD_write_english_string(0,1,"*");
  53   2                       LCD_write_char(65,1,servo_D);
  54   2                       break;
  55   2      
C51 COMPILER V9.01   KEY                                                                   11/10/2015 09:09:38 PAGE 2   

  56   2                 case 2:servo_middle+=i;
  57   2                       LCD_clear_l(65,2);
  58   2                       LCD_write_english_string(0,2,"*");
  59   2                       LCD_write_char(65,2,servo_middle);
  60   2                       break;
  61   2      
  62   2      
  63   2             }
  64   1          
  65   1           }
  66            
  67          /****************************************************
  68                               按键扫描函数
  69          *****************************************************/
  70          
  71          void KeyScan (void)
  72          {
  73   1       unsigned char num=0;                  
  74   1                                      
  75   1      
  76   1        if(~change_line)  //如果检测到低电平，说明按键按下
  77   1          {
  78   2                LCD_DLY_ms(8); //延时去抖，一般10-20ms
  79   2           if(~change_line)     //再次确认按键是否按下，没有按下则退出
  80   2                   {
  81   3             while(~change_line);//如果确认按下按键等待按键释放，没有释放则一直等待
  82   3                   
  83   3      //           if(page_num!=0)
  84   3                      LCD_write_english_string(0,line_num," ");
  85   3                         
  86   3                         if(line_num<2)    //行序号加操作    NOKIA最多显示6行，0~5                            
  87   3                       line_num++;
  88   3                         else
  89   3                             line_num=0;
  90   3                         
  91   3      //                 if(page_num!=0)
  92   3                      LCD_write_english_string(0,line_num,"*");
  93   3                   } 
  94   2                   
  95   2         }
  96   1                
  97   1      ////////////////////////对应参数加一///////////////////////////////////////////////////////
  98   1      if(~Add_1)  //如果检测到低电平，说明按键按下
  99   1          {
 100   2               LCD_DLY_ms(8); //延时去抖，一般10-20ms
 101   2           if(~Add_1)     //再次确认按键是否按下，没有按下则退出
 102   2                 {
 103   3              while(~Add_1);//如果确认按下按键等待按键释放，没有释放则一直等待
 104   3              change_value(line_num,1);  
 105   3                 }
 106   2                }
 107   1      /////////////////////////////////对应参数减一///////////////////////////////////////////////
 108   1      if(~Sub_1)  //如果检测到低电平，说明按键按下
 109   1         {
 110   2               LCD_DLY_ms(8);   //延时去抖，一般10-20ms
 111   2           if(~Sub_1)     //再次确认按键是否按下，没有按下则退出
 112   2                 {
 113   3              while(~Sub_1);//如果确认按下按键等待按键释放，没有释放则一直等待
 114   3              change_value(line_num,-1);
 115   3                       }
 116   2                }
 117   1                }
C51 COMPILER V9.01   KEY                                                                   11/10/2015 09:09:38 PAGE 3   



MODULE INFORMATION:   STATIC OVERLAYABLE
   CODE SIZE        =    341    ----
   CONSTANT SIZE    =     41    ----
   XDATA SIZE       =   ----    ----
   PDATA SIZE       =   ----    ----
   DATA SIZE        =      1       3
   IDATA SIZE       =   ----    ----
   BIT SIZE         =   ----    ----
END OF MODULE INFORMATION.


C51 COMPILATION COMPLETE.  0 WARNING(S),  0 ERROR(S)
